<?xml version="1.0" encoding="UTF-8"?>
<testsuite xmlns:xsi="http://www.w3.org/2001/XMLSchema-instance" xsi:noNamespaceSchemaLocation="https://maven.apache.org/surefire/maven-surefire-plugin/xsd/surefire-test-report-3.0.xsd" version="3.0" name="file_manager.tests.DirectoryOperationsTest" time="0.219" tests="8" errors="0" skipped="0" failures="0">
  <properties>
[...]
</properties>
  <testcase name="testRenameDir" classname="file_manager.tests.DirectoryOperationsTest" time="0.044">
    <system-out><![CDATA[Folder renamed successfully.
]]></system-out>
  </testcase>
  <testcase name="testDelNonEmptyDir" classname="file_manager.tests.DirectoryOperationsTest" time="0.001">
    <system-out><![CDATA[Error: The specified folder does not exist or is not a directory.
]]></system-out>
  </testcase>
  <testcase name="testMoveDirToExisting" classname="file_manager.tests.DirectoryOperationsTest" time="0.006">
    <system-out><![CDATA[Error: The folder you want to move does not exist or is not a directory.
]]></system-out>
  </testcase>
  <testcase name="testRenameDirToExisting" classname="file_manager.tests.DirectoryOperationsTest" time="0.002">
    <system-out><![CDATA[Error: A folder with the new name already exists. Please choose a different name.
]]></system-out>
  </testcase>
  <testcase name="testMoveDir" classname="file_manager.tests.DirectoryOperationsTest" time="0.002">
    <system-out><![CDATA[Folder moved successfully.
]]></system-out>
  </testcase>
  <testcase name="testDelNonExistentDir" classname="file_manager.tests.DirectoryOperationsTest" time="0.005">
    <system-out><![CDATA[Error: The specified folder does not exist or is not a directory.
]]></system-out>
  </testcase>
  <testcase name="testDelEmptyDir" classname="file_manager.tests.DirectoryOperationsTest" time="0.004">
    <system-out><![CDATA[Folder deleted successfully.
]]></system-out>
  </testcase>
  <testcase name="testNewDir" classname="file_manager.tests.DirectoryOperationsTest" time="0.023">
    <system-out><![CDATA[Folder 'testNewDir' created successfully.
A folder with this name already exists. Please choose a different name.
]]></system-out>
  </testcase>
</testsuite>